0 info it worked if it ends with ok
1 verbose cli [ '/usr/local/Cellar/node/6.5.0/bin/node',
1 verbose cli   '/usr/local/bin/npm',
1 verbose cli   'start' ]
2 info using npm@3.10.3
3 info using node@v6.5.0
4 verbose run-script [ 'prestart', 'start', 'poststart' ]
5 info lifecycle angular_learn@1.0.0~prestart: angular_learn@1.0.0
6 silly lifecycle angular_learn@1.0.0~prestart: no script for prestart, continuing
7 info lifecycle angular_learn@1.0.0~start: angular_learn@1.0.0
8 verbose lifecycle angular_learn@1.0.0~start: unsafe-perm in lifecycle true
9 verbose lifecycle angular_learn@1.0.0~start: PATH: /usr/local/lib/node_modules/npm/bin/node-gyp-bin:/Users/cloudfactory/projects/angular_learn/node_modules/.bin:/usr/local/Cellar/node/6.5.0/bin:/Users/cloudfactory/.node/bin:/Users/cloudfactory/.rvm/gems/ruby-2.2.2/bin:/Users/cloudfactory/.rvm/gems/ruby-2.2.2@global/bin:/Users/cloudfactory/.rvm/rubies/ruby-2.2.2/bin:/usr/local/bin:/usr/local/sbin:/usr/bin:/bin:/usr/sbin:/sbin:/opt/X11/bin:/Users/cloudfactory/.rvm/gems/ruby-2.2.2/bin:/Users/cloudfactory/.rvm/gems/ruby-2.2.2@global/bin:/Users/cloudfactory/.rvm/rubies/ruby-2.2.2/bin:/Users/cloudfactory/.node/bin:/Users/cloudfactory/.cf.files/bin:/Users/cloudfactory/.rvm/bin:/Users/cloudfactory/.cf.files/bin:/Users/cloudfactory/.rvm/bin
10 verbose lifecycle angular_learn@1.0.0~start: CWD: /Users/cloudfactory/projects/angular_learn
11 silly lifecycle angular_learn@1.0.0~start: Args: [ '-c', 'tsc && concurrently "npm run tsc:w" "npm run lite" ' ]
12 silly lifecycle angular_learn@1.0.0~start: Returned: code: 2  signal: null
13 info lifecycle angular_learn@1.0.0~start: Failed to exec start script
14 verbose stack Error: angular_learn@1.0.0 start: `tsc && concurrently "npm run tsc:w" "npm run lite" `
14 verbose stack Exit status 2
14 verbose stack     at EventEmitter.<anonymous> (/usr/local/lib/node_modules/npm/lib/utils/lifecycle.js:242:16)
14 verbose stack     at emitTwo (events.js:106:13)
14 verbose stack     at EventEmitter.emit (events.js:191:7)
14 verbose stack     at ChildProcess.<anonymous> (/usr/local/lib/node_modules/npm/lib/utils/spawn.js:40:14)
14 verbose stack     at emitTwo (events.js:106:13)
14 verbose stack     at ChildProcess.emit (events.js:191:7)
14 verbose stack     at maybeClose (internal/child_process.js:877:16)
14 verbose stack     at Process.ChildProcess._handle.onexit (internal/child_process.js:226:5)
15 verbose pkgid angular_learn@1.0.0
16 verbose cwd /Users/cloudfactory/projects/angular_learn
17 error Darwin 15.6.0
18 error argv "/usr/local/Cellar/node/6.5.0/bin/node" "/usr/local/bin/npm" "start"
19 error node v6.5.0
20 error npm  v3.10.3
21 error code ELIFECYCLE
22 error angular_learn@1.0.0 start: `tsc && concurrently "npm run tsc:w" "npm run lite" `
22 error Exit status 2
23 error Failed at the angular_learn@1.0.0 start script 'tsc && concurrently "npm run tsc:w" "npm run lite" '.
23 error Make sure you have the latest version of node.js and npm installed.
23 error If you do, this is most likely a problem with the angular_learn package,
23 error not with npm itself.
23 error Tell the author that this fails on your system:
23 error     tsc && concurrently "npm run tsc:w" "npm run lite"
23 error You can get information on how to open an issue for this project with:
23 error     npm bugs angular_learn
23 error Or if that isn't available, you can get their info via:
23 error     npm owner ls angular_learn
23 error There is likely additional logging output above.
24 verbose exit [ 1, true ]
